<?xml version="1.0" encoding="UTF-8"?>
<!-- Generated by org.testng.reporters.JUnitXMLReporter -->
<testsuite hostname="LAPTOP-S94DGO4O" ignored="0" name="WeightCalculator" tests="2" failures="0" timestamp="22 Dec 2019 03:09:21 GMT" time="25.55" errors="0">
  <testcase name="weightCalculatorMale" time="1.872" classname="com.nationalguard.weightcal.WeightCalculatorTest"/>
  <testcase name="weightCalculatorFemale" time="1.414" classname="com.nationalguard.weightcal.WeightCalculatorTest"/>
</testsuite> <!-- WeightCalculator -->
