<?xml version="1.0" encoding="UTF-8"?>
<testng-results skipped="0" failed="0" ignored="0" total="1" passed="1">
  <reporter-output>
  </reporter-output>
  <suite name="Default suite" duration-ms="9334" started-at="2020-01-06T21:53:10Z" finished-at="2020-01-06T21:53:19Z">
    <groups>
    </groups>
    <test name="Default test" duration-ms="9334" started-at="2020-01-06T21:53:10Z" finished-at="2020-01-06T21:53:19Z">
      <class name="com.nationalguard.eligibility.Eligibility">
        <test-method status="PASS" signature="setupSuite()[pri:0, instance:com.nationalguard.eligibility.Eligibility@28d25987]" name="setupSuite" is-config="true" duration-ms="124" started-at="2020-01-06T15:53:10Z" finished-at="2020-01-06T15:53:10Z">
          <reporter-output>
          </reporter-output>
        </test-method> <!-- setupSuite -->
        <test-method status="PASS" signature="setup()[pri:0, instance:com.nationalguard.eligibility.Eligibility@28d25987]" name="setup" is-config="true" duration-ms="5706" started-at="2020-01-06T15:53:10Z" finished-at="2020-01-06T15:53:16Z">
          <reporter-output>
          </reporter-output>
        </test-method> <!-- setup -->
        <test-method status="PASS" signature="eligibility()[pri:0, instance:com.nationalguard.eligibility.Eligibility@28d25987]" name="eligibility" duration-ms="1863" started-at="2020-01-06T15:53:16Z" finished-at="2020-01-06T15:53:18Z">
          <reporter-output>
          </reporter-output>
        </test-method> <!-- eligibility -->
        <test-method status="PASS" signature="tearDownMethod(org.testng.ITestResult)[pri:0, instance:com.nationalguard.eligibility.Eligibility@28d25987]" name="tearDownMethod" is-config="true" duration-ms="1631" started-at="2020-01-06T15:53:18Z" finished-at="2020-01-06T15:53:19Z">
          <params>
            <param index="0">
              <value>
                <![CDATA[[TestResult name=eligibility status=SUCCESS method=Eligibility.eligibility()[pri:0, instance:com.nationalguard.eligibility.Eligibility@28d25987] output={null}]]]>
              </value>
            </param>
          </params>
          <reporter-output>
          </reporter-output>
        </test-method> <!-- tearDownMethod -->
      </class> <!-- com.nationalguard.eligibility.Eligibility -->
    </test> <!-- Default test -->
  </suite> <!-- Default suite -->
</testng-results>
